[18 Abr 2014 19:54:52] Building database metadata model
[18 Abr 2014 19:54:52] Properties: {partialRefresh=false, processColumnsUsingSelect=, includePrimaryKeys=true, eventSocketClient=com.webratio.commons.net.EventSocketClient@40abf44b, includeTables=true, username=root, outputLogPath=C:\WebRatio\WebRatio Personal 7.2.0.x64bit\workspace\TePeCe\.Temp~\DB.xml.log, readIndexes=null, driverClass=com.mysql.jdbc.Driver, includeSynonyms=true, metaDataProviderClass=com.webratio.commons.db.metadata.MySQLMetaDataProvider, outputPath=C:\WebRatio\WebRatio Personal 7.2.0.x64bit\workspace\TePeCe\.Temp~\DB.xml, schemaRegex=null, readProcedures=null, includeViews=true, derby.system.home=C:\WebRatio\WebRatio Personal 7.2.0.x64bit\workspace\.metadata\.plugins\com.webratio.commons.db\derby, url=jdbc:mysql://localhost:3306/mysql, tableRegex=null, readSQLDefinitions=true, includeForeignKeys=false, retrieveAllNames=false, tablesToRefresh=, eventSocketPort=54326}
[18 Abr 2014 19:54:52] URL: jdbc:mysql://localhost:3306/mysql
[18 Abr 2014 19:54:52] Product name: MySQL
[18 Abr 2014 19:54:52] Product version: 5.5.34
[18 Abr 2014 19:54:52] Driver name: MySQL-AB JDBC Driver
[18 Abr 2014 19:54:52] Driver version: mysql-connector-java-5.0.8 ( Revision: ${svn.Revision} )
[18 Abr 2014 19:54:52] Driver major version: 5
[18 Abr 2014 19:54:52] Driver minor version: 0
[18 Abr 2014 19:54:52] Identifier quote string: 0
[18 Abr 2014 19:54:52] Retrieving schemas
[18 Abr 2014 19:54:52] Retrieving [TABLE, VIEW, SYNONYM] for schema ''
[18 Abr 2014 19:54:52]   Found 'aluno' [type = TABLE]
[18 Abr 2014 19:54:52]   Found 'aluno_2' [type = TABLE]
[18 Abr 2014 19:54:52]   Found 'aluno_exercicio' [type = TABLE]
[18 Abr 2014 19:54:52]   Found 'aluno_exercicio_2' [type = TABLE]
[18 Abr 2014 19:54:52]   Found 'columns_priv' [type = TABLE]
[18 Abr 2014 19:54:52]   Found 'db' [type = TABLE]
[18 Abr 2014 19:54:52]   Found 'direcao' [type = TABLE]
[18 Abr 2014 19:54:52]   Found 'direcao_2' [type = TABLE]
[18 Abr 2014 19:54:52]   Found 'disciplina' [type = TABLE]
[18 Abr 2014 19:54:52]   Found 'disciplina_2' [type = TABLE]
[18 Abr 2014 19:54:52]   Found 'encarregado' [type = TABLE]
[18 Abr 2014 19:54:52]   Found 'encarregado_2' [type = TABLE]
[18 Abr 2014 19:54:52]   Found 'escola' [type = TABLE]
[18 Abr 2014 19:54:52]   Found 'escola_2' [type = TABLE]
[18 Abr 2014 19:54:52]   Found 'estatistica' [type = TABLE]
[18 Abr 2014 19:54:52]   Found 'estatistica_2' [type = TABLE]
[18 Abr 2014 19:54:52]   Found 'event' [type = TABLE]
[18 Abr 2014 19:54:52]   Found 'exercicio' [type = TABLE]
[18 Abr 2014 19:54:52]   Found 'exercicio_2' [type = TABLE]
[18 Abr 2014 19:54:52]   Found 'exercicio_individual' [type = TABLE]
[18 Abr 2014 19:54:52]   Found 'exercicio_individual_2' [type = TABLE]
[18 Abr 2014 19:54:52]   Found 'ficha_colectiva' [type = TABLE]
[18 Abr 2014 19:54:52]   Found 'ficha_colectiva_2' [type = TABLE]
[18 Abr 2014 19:54:52]   Found 'func' [type = TABLE]
[18 Abr 2014 19:54:52]   Found 'general_log' [type = TABLE]
[18 Abr 2014 19:54:52]   Found 'genre' [type = TABLE]
[18 Abr 2014 19:54:52]   Found 'group' [type = TABLE]
[18 Abr 2014 19:54:52]   Found 'group_2' [type = TABLE]
[18 Abr 2014 19:54:52]   Found 'group_3' [type = TABLE]
[18 Abr 2014 19:54:52]   Found 'group_module' [type = TABLE]
[18 Abr 2014 19:54:52]   Found 'group_module_2' [type = TABLE]
[18 Abr 2014 19:54:52]   Found 'group_module_3' [type = TABLE]
[18 Abr 2014 19:54:52]   Found 'help_category' [type = TABLE]
[18 Abr 2014 19:54:52]   Found 'help_keyword' [type = TABLE]
[18 Abr 2014 19:54:52]   Found 'help_relation' [type = TABLE]
[18 Abr 2014 19:54:52]   Found 'help_topic' [type = TABLE]
[18 Abr 2014 19:54:52]   Found 'host' [type = TABLE]
[18 Abr 2014 19:54:52]   Found 'livros' [type = TABLE]
[18 Abr 2014 19:54:52]   Found 'materia' [type = TABLE]
[18 Abr 2014 19:54:52]   Found 'materia_2' [type = TABLE]
[18 Abr 2014 19:54:52]   Found 'module' [type = TABLE]
[18 Abr 2014 19:54:52]   Found 'module_2' [type = TABLE]
[18 Abr 2014 19:54:52]   Found 'module_3' [type = TABLE]
[18 Abr 2014 19:54:52]   Found 'ndb_binlog_index' [type = TABLE]
[18 Abr 2014 19:54:52]   Found 'nota' [type = TABLE]
[18 Abr 2014 19:54:52]   Found 'nota_2' [type = TABLE]
[18 Abr 2014 19:54:52]   Found 'nota_estatistica' [type = TABLE]
[18 Abr 2014 19:54:52]   Found 'nota_estatistica_2' [type = TABLE]
[18 Abr 2014 19:54:52]   Found 'notificacao' [type = TABLE]
[18 Abr 2014 19:54:52]   Found 'notificacao_2' [type = TABLE]
[18 Abr 2014 19:54:52]   Found 'plugin' [type = TABLE]
[18 Abr 2014 19:54:52]   Found 'proc' [type = TABLE]
[18 Abr 2014 19:54:52]   Found 'procs_priv' [type = TABLE]
[18 Abr 2014 19:54:52]   Found 'professor' [type = TABLE]
[18 Abr 2014 19:54:52]   Found 'professor_2' [type = TABLE]
[18 Abr 2014 19:54:52]   Found 'proxies_priv' [type = TABLE]
[18 Abr 2014 19:54:52]   Found 'servers' [type = TABLE]
[18 Abr 2014 19:54:52]   Found 'slow_log' [type = TABLE]
[18 Abr 2014 19:54:52]   Found 'tables_priv' [type = TABLE]
[18 Abr 2014 19:54:52]   Found 'time_zone' [type = TABLE]
[18 Abr 2014 19:54:52]   Found 'time_zone_leap_second' [type = TABLE]
[18 Abr 2014 19:54:52]   Found 'time_zone_name' [type = TABLE]
[18 Abr 2014 19:54:52]   Found 'time_zone_transition' [type = TABLE]
[18 Abr 2014 19:54:52]   Found 'time_zone_transition_type' [type = TABLE]
[18 Abr 2014 19:54:52]   Found 'turma' [type = TABLE]
[18 Abr 2014 19:54:52]   Found 'turma_2' [type = TABLE]
[18 Abr 2014 19:54:52]   Found 'turma_exercicio' [type = TABLE]
[18 Abr 2014 19:54:52]   Found 'turma_exercicio_2' [type = TABLE]
[18 Abr 2014 19:54:52]   Found 'turma_professor' [type = TABLE]
[18 Abr 2014 19:54:52]   Found 'turma_professor_2' [type = TABLE]
[18 Abr 2014 19:54:52]   Found 'user' [type = TABLE]
[18 Abr 2014 19:54:52]   Found 'user_2' [type = TABLE]
[18 Abr 2014 19:54:52]   Found 'user_3' [type = TABLE]
[18 Abr 2014 19:54:52]   Found 'user_4' [type = TABLE]
[18 Abr 2014 19:54:52]   Found 'user_group' [type = TABLE]
[18 Abr 2014 19:54:52]   Found 'user_group_2' [type = TABLE]
[18 Abr 2014 19:54:52]   Found 'user_group_3' [type = TABLE]
[18 Abr 2014 19:54:52]   Found 'user_livros' [type = TABLE]
[18 Abr 2014 19:54:52] Retrieving columns for 'aluno' [type = TABLE]
[18 Abr 2014 19:54:52]   Found column: user_3_oid [type = INT][SQL/XOPEN type = 4][size = 10][dec. digits = 0]
[18 Abr 2014 19:54:52]   Found column: oid [type = INT][SQL/XOPEN type = 4][size = 10][dec. digits = 0]
[18 Abr 2014 19:54:52]   Found column: nome [type = VARCHAR][SQL/XOPEN type = 12][size = 255][dec. digits = 0]
[18 Abr 2014 19:54:52]   Found column: estatistica_oid [type = INT][SQL/XOPEN type = 4][size = 10][dec. digits = 0]
[18 Abr 2014 19:54:52]   Found column: encarregado_oid [type = INT][SQL/XOPEN type = 4][size = 10][dec. digits = 0]
[18 Abr 2014 19:54:52]   Found column: turma_oid [type = INT][SQL/XOPEN type = 4][size = 10][dec. digits = 0]
[18 Abr 2014 19:54:52] Retrieving primary keys for 'aluno' [type = TABLE]
[18 Abr 2014 19:54:52]   Found primary key column: user_3_oid
[18 Abr 2014 19:54:52] Retrieving columns for 'aluno_2' [type = TABLE]
[18 Abr 2014 19:54:52]   Found column: user_4_oid [type = INT][SQL/XOPEN type = 4][size = 10][dec. digits = 0]
[18 Abr 2014 19:54:52]   Found column: oid [type = INT][SQL/XOPEN type = 4][size = 10][dec. digits = 0]
[18 Abr 2014 19:54:52]   Found column: nome [type = VARCHAR][SQL/XOPEN type = 12][size = 255][dec. digits = 0]
[18 Abr 2014 19:54:52]   Found column: estatistica_2_oid [type = INT][SQL/XOPEN type = 4][size = 10][dec. digits = 0]
[18 Abr 2014 19:54:52]   Found column: encarregado_2_oid [type = INT][SQL/XOPEN type = 4][size = 10][dec. digits = 0]
[18 Abr 2014 19:54:52]   Found column: turma_2_oid [type = INT][SQL/XOPEN type = 4][size = 10][dec. digits = 0]
[18 Abr 2014 19:54:52] Retrieving primary keys for 'aluno_2' [type = TABLE]
[18 Abr 2014 19:54:52]   Found primary key column: user_4_oid
[18 Abr 2014 19:54:52] Retrieving columns for 'aluno_exercicio' [type = TABLE]
[18 Abr 2014 19:54:52]   Found column: aluno_oid [type = INT][SQL/XOPEN type = 4][size = 10][dec. digits = 0]
[18 Abr 2014 19:54:52]   Found column: exercicio_oid [type = INT][SQL/XOPEN type = 4][size = 10][dec. digits = 0]
[18 Abr 2014 19:54:52] Retrieving primary keys for 'aluno_exercicio' [type = TABLE]
[18 Abr 2014 19:54:52]   Found primary key column: aluno_oid
[18 Abr 2014 19:54:52]   Found primary key column: exercicio_oid
[18 Abr 2014 19:54:52] Retrieving columns for 'aluno_exercicio_2' [type = TABLE]
[18 Abr 2014 19:54:52]   Found column: aluno_2_oid [type = INT][SQL/XOPEN type = 4][size = 10][dec. digits = 0]
[18 Abr 2014 19:54:52]   Found column: exercicio_2_oid [type = INT][SQL/XOPEN type = 4][size = 10][dec. digits = 0]
[18 Abr 2014 19:54:52] Retrieving primary keys for 'aluno_exercicio_2' [type = TABLE]
[18 Abr 2014 19:54:52]   Found primary key column: aluno_2_oid
[18 Abr 2014 19:54:52]   Found primary key column: exercicio_2_oid
[18 Abr 2014 19:54:52] Retrieving columns for 'columns_priv' [type = TABLE]
[18 Abr 2014 19:54:52]   Found column: Host [type = CHAR][SQL/XOPEN type = 1][size = 60][dec. digits = 0]
[18 Abr 2014 19:54:52]   Found column: Db [type = CHAR][SQL/XOPEN type = 1][size = 64][dec. digits = 0]
[18 Abr 2014 19:54:52]   Found column: User [type = CHAR][SQL/XOPEN type = 1][size = 16][dec. digits = 0]
[18 Abr 2014 19:54:52]   Found column: Table_name [type = CHAR][SQL/XOPEN type = 1][size = 64][dec. digits = 0]
[18 Abr 2014 19:54:52]   Found column: Column_name [type = CHAR][SQL/XOPEN type = 1][size = 64][dec. digits = 0]
[18 Abr 2014 19:54:52]   Found column: Timestamp [type = TIMESTAMP][SQL/XOPEN type = 93][size = 0][dec. digits = 0]
[18 Abr 2014 19:54:52]   Found column: Column_priv [type = SET][SQL/XOPEN type = 1][size = 31][dec. digits = 0]
[18 Abr 2014 19:54:52] Retrieving primary keys for 'columns_priv' [type = TABLE]
[18 Abr 2014 19:54:52]   Found primary key column: Host
[18 Abr 2014 19:54:52]   Found primary key column: Db
[18 Abr 2014 19:54:52]   Found primary key column: User
[18 Abr 2014 19:54:53]   Found primary key column: Table_name
[18 Abr 2014 19:54:53]   Found primary key column: Column_name
[18 Abr 2014 19:54:53] Retrieving columns for 'db' [type = TABLE]
[18 Abr 2014 19:54:53]   Found column: Host [type = CHAR][SQL/XOPEN type = 1][size = 60][dec. digits = 0]
[18 Abr 2014 19:54:53]   Found column: Db [type = CHAR][SQL/XOPEN type = 1][size = 64][dec. digits = 0]
[18 Abr 2014 19:54:53]   Found column: User [type = CHAR][SQL/XOPEN type = 1][size = 16][dec. digits = 0]
[18 Abr 2014 19:54:53]   Found column: Select_priv [type = ENUM][SQL/XOPEN type = 1][size = 2][dec. digits = 0]
[18 Abr 2014 19:54:53]   Found column: Insert_priv [type = ENUM][SQL/XOPEN type = 1][size = 2][dec. digits = 0]
[18 Abr 2014 19:54:53]   Found column: Update_priv [type = ENUM][SQL/XOPEN type = 1][size = 2][dec. digits = 0]
[18 Abr 2014 19:54:53]   Found column: Delete_priv [type = ENUM][SQL/XOPEN type = 1][size = 2][dec. digits = 0]
[18 Abr 2014 19:54:53]   Found column: Create_priv [type = ENUM][SQL/XOPEN type = 1][size = 2][dec. digits = 0]
[18 Abr 2014 19:54:53]   Found column: Drop_priv [type = ENUM][SQL/XOPEN type = 1][size = 2][dec. digits = 0]
[18 Abr 2014 19:54:53]   Found column: Grant_priv [type = ENUM][SQL/XOPEN type = 1][size = 2][dec. digits = 0]
[18 Abr 2014 19:54:53]   Found column: References_priv [type = ENUM][SQL/XOPEN type = 1][size = 2][dec. digits = 0]
[18 Abr 2014 19:54:53]   Found column: Index_priv [type = ENUM][SQL/XOPEN type = 1][size = 2][dec. digits = 0]
[18 Abr 2014 19:54:53]   Found column: Alter_priv [type = ENUM][SQL/XOPEN type = 1][size = 2][dec. digits = 0]
[18 Abr 2014 19:54:53]   Found column: Create_tmp_table_priv [type = ENUM][SQL/XOPEN type = 1][size = 2][dec. digits = 0]
[18 Abr 2014 19:54:53]   Found column: Lock_tables_priv [type = ENUM][SQL/XOPEN type = 1][size = 2][dec. digits = 0]
[18 Abr 2014 19:54:53]   Found column: Create_view_priv [type = ENUM][SQL/XOPEN type = 1][size = 2][dec. digits = 0]
[18 Abr 2014 19:54:53]   Found column: Show_view_priv [type = ENUM][SQL/XOPEN type = 1][size = 2][dec. digits = 0]
[18 Abr 2014 19:54:53]   Found column: Create_routine_priv [type = ENUM][SQL/XOPEN type = 1][size = 2][dec. digits = 0]
[18 Abr 2014 19:54:53]   Found column: Alter_routine_priv [type = ENUM][SQL/XOPEN type = 1][size = 2][dec. digits = 0]
[18 Abr 2014 19:54:53]   Found column: Execute_priv [type = ENUM][SQL/XOPEN type = 1][size = 2][dec. digits = 0]
[18 Abr 2014 19:54:53]   Found column: Event_priv [type = ENUM][SQL/XOPEN type = 1][size = 2][dec. digits = 0]
[18 Abr 2014 19:54:53]   Found column: Trigger_priv [type = ENUM][SQL/XOPEN type = 1][size = 2][dec. digits = 0]
[18 Abr 2014 19:54:53] Retrieving primary keys for 'db' [type = TABLE]
[18 Abr 2014 19:54:53]   Found primary key column: Host
[18 Abr 2014 19:54:53]   Found primary key column: Db
[18 Abr 2014 19:54:53]   Found primary key column: User
[18 Abr 2014 19:54:53] Retrieving columns for 'direcao' [type = TABLE]
[18 Abr 2014 19:54:53]   Found column: user_3_oid [type = INT][SQL/XOPEN type = 4][size = 10][dec. digits = 0]
[18 Abr 2014 19:54:53]   Found column: oid [type = INT][SQL/XOPEN type = 4][size = 10][dec. digits = 0]
[18 Abr 2014 19:54:53]   Found column: nome [type = VARCHAR][SQL/XOPEN type = 12][size = 255][dec. digits = 0]
[18 Abr 2014 19:54:53] Retrieving primary keys for 'direcao' [type = TABLE]
[18 Abr 2014 19:54:53]   Found primary key column: user_3_oid
[18 Abr 2014 19:54:53] Retrieving columns for 'direcao_2' [type = TABLE]
[18 Abr 2014 19:54:53]   Found column: user_4_oid [type = INT][SQL/XOPEN type = 4][size = 10][dec. digits = 0]
[18 Abr 2014 19:54:53]   Found column: oid [type = INT][SQL/XOPEN type = 4][size = 10][dec. digits = 0]
[18 Abr 2014 19:54:53]   Found column: nome [type = VARCHAR][SQL/XOPEN type = 12][size = 255][dec. digits = 0]
[18 Abr 2014 19:54:53] Retrieving primary keys for 'direcao_2' [type = TABLE]
[18 Abr 2014 19:54:53]   Found primary key column: user_4_oid
[18 Abr 2014 19:54:53] Retrieving columns for 'disciplina' [type = TABLE]
[18 Abr 2014 19:54:53]   Found column: materia_oid [type = INT][SQL/XOPEN type = 4][size = 10][dec. digits = 0]
[18 Abr 2014 19:54:53]   Found column: oid [type = INT][SQL/XOPEN type = 4][size = 10][dec. digits = 0]
[18 Abr 2014 19:54:53]   Found column: nome [type = VARCHAR][SQL/XOPEN type = 12][size = 255][dec. digits = 0]
[18 Abr 2014 19:54:53] Retrieving primary keys for 'disciplina' [type = TABLE]
[18 Abr 2014 19:54:53]   Found primary key column: materia_oid
[18 Abr 2014 19:54:53] Retrieving columns for 'disciplina_2' [type = TABLE]
[18 Abr 2014 19:54:53]   Found column: materia_2_oid [type = INT][SQL/XOPEN type = 4][size = 10][dec. digits = 0]
[18 Abr 2014 19:54:53]   Found column: oid [type = INT][SQL/XOPEN type = 4][size = 10][dec. digits = 0]
[18 Abr 2014 19:54:53]   Found column: nome [type = VARCHAR][SQL/XOPEN type = 12][size = 255][dec. digits = 0]
[18 Abr 2014 19:54:53] Retrieving primary keys for 'disciplina_2' [type = TABLE]
[18 Abr 2014 19:54:53]   Found primary key column: materia_2_oid
[18 Abr 2014 19:54:53] Retrieving columns for 'encarregado' [type = TABLE]
[18 Abr 2014 19:54:53]   Found column: user_3_oid [type = INT][SQL/XOPEN type = 4][size = 10][dec. digits = 0]
[18 Abr 2014 19:54:53]   Found column: oid [type = INT][SQL/XOPEN type = 4][size = 10][dec. digits = 0]
[18 Abr 2014 19:54:53]   Found column: nome [type = VARCHAR][SQL/XOPEN type = 12][size = 255][dec. digits = 0]
[18 Abr 2014 19:54:53] Retrieving primary keys for 'encarregado' [type = TABLE]
[18 Abr 2014 19:54:53]   Found primary key column: user_3_oid
[18 Abr 2014 19:54:53] Retrieving columns for 'encarregado_2' [type = TABLE]
[18 Abr 2014 19:54:53]   Found column: user_4_oid [type = INT][SQL/XOPEN type = 4][size = 10][dec. digits = 0]
[18 Abr 2014 19:54:53]   Found column: oid [type = INT][SQL/XOPEN type = 4][size = 10][dec. digits = 0]
[18 Abr 2014 19:54:53]   Found column: nome [type = VARCHAR][SQL/XOPEN type = 12][size = 255][dec. digits = 0]
[18 Abr 2014 19:54:53] Retrieving primary keys for 'encarregado_2' [type = TABLE]
[18 Abr 2014 19:54:53]   Found primary key column: user_4_oid
[18 Abr 2014 19:54:53] Retrieving columns for 'escola' [type = TABLE]
[18 Abr 2014 19:54:53]   Found column: oid [type = INT][SQL/XOPEN type = 4][size = 10][dec. digits = 0]
[18 Abr 2014 19:54:53]   Found column: estatistica_oid [type = INT][SQL/XOPEN type = 4][size = 10][dec. digits = 0]
[18 Abr 2014 19:54:53] Retrieving primary keys for 'escola' [type = TABLE]
[18 Abr 2014 19:54:53]   Found primary key column: oid
[18 Abr 2014 19:54:53] Retrieving columns for 'escola_2' [type = TABLE]
[18 Abr 2014 19:54:53]   Found column: oid [type = INT][SQL/XOPEN type = 4][size = 10][dec. digits = 0]
[18 Abr 2014 19:54:53]   Found column: estatistica_2_oid [type = INT][SQL/XOPEN type = 4][size = 10][dec. digits = 0]
[18 Abr 2014 19:54:53] Retrieving primary keys for 'escola_2' [type = TABLE]
[18 Abr 2014 19:54:53]   Found primary key column: oid
[18 Abr 2014 19:54:53] Retrieving columns for 'estatistica' [type = TABLE]
[18 Abr 2014 19:54:53]   Found column: oid [type = INT][SQL/XOPEN type = 4][size = 10][dec. digits = 0]
[18 Abr 2014 19:54:53]   Found column: media [type = INT][SQL/XOPEN type = 4][size = 10][dec. digits = 0]
[18 Abr 2014 19:54:53]   Found column: melhornota [type = INT][SQL/XOPEN type = 4][size = 10][dec. digits = 0]
[18 Abr 2014 19:54:53]   Found column: piornota [type = INT][SQL/XOPEN type = 4][size = 10][dec. digits = 0]
[18 Abr 2014 19:54:53]   Found column: variacao [type = INT][SQL/XOPEN type = 4][size = 10][dec. digits = 0]
[18 Abr 2014 19:54:53] Retrieving primary keys for 'estatistica' [type = TABLE]
[18 Abr 2014 19:54:53]   Found primary key column: oid
[18 Abr 2014 19:54:53] Retrieving columns for 'estatistica_2' [type = TABLE]
[18 Abr 2014 19:54:53]   Found column: oid [type = INT][SQL/XOPEN type = 4][size = 10][dec. digits = 0]
[18 Abr 2014 19:54:53]   Found column: media [type = INT][SQL/XOPEN type = 4][size = 10][dec. digits = 0]
[18 Abr 2014 19:54:53]   Found column: melhornota [type = INT][SQL/XOPEN type = 4][size = 10][dec. digits = 0]
[18 Abr 2014 19:54:53]   Found column: piornota [type = INT][SQL/XOPEN type = 4][size = 10][dec. digits = 0]
[18 Abr 2014 19:54:53]   Found column: variacao [type = INT][SQL/XOPEN type = 4][size = 10][dec. digits = 0]
[18 Abr 2014 19:54:53] Retrieving primary keys for 'estatistica_2' [type = TABLE]
[18 Abr 2014 19:54:53]   Found primary key column: oid
[18 Abr 2014 19:54:53] Retrieving columns for 'event' [type = TABLE]
[18 Abr 2014 19:54:53]   Found column: db [type = CHAR][SQL/XOPEN type = 1][size = 64][dec. digits = 0]
[18 Abr 2014 19:54:53]   Found column: name [type = CHAR][SQL/XOPEN type = 1][size = 64][dec. digits = 0]
[18 Abr 2014 19:54:53]   Found column: body [type = LONGBLOB][SQL/XOPEN type = -4][size = 2147483647][dec. digits = 0]
[18 Abr 2014 19:54:53]   Found column: definer [type = CHAR][SQL/XOPEN type = 1][size = 77][dec. digits = 0]
[18 Abr 2014 19:54:53]   Found column: execute_at [type = DATETIME][SQL/XOPEN type = 93][size = 0][dec. digits = 0]
[18 Abr 2014 19:54:53]   Found column: interval_value [type = INT][SQL/XOPEN type = 4][size = 10][dec. digits = 0]
[18 Abr 2014 19:54:53]   Found column: interval_field [type = ENUM][SQL/XOPEN type = 1][size = 18][dec. digits = 0]
[18 Abr 2014 19:54:53]   Found column: created [type = TIMESTAMP][SQL/XOPEN type = 93][size = 0][dec. digits = 0]
[18 Abr 2014 19:54:53]   Found column: modified [type = TIMESTAMP][SQL/XOPEN type = 93][size = 0][dec. digits = 0]
[18 Abr 2014 19:54:53]   Found column: last_executed [type = DATETIME][SQL/XOPEN type = 93][size = 0][dec. digits = 0]
[18 Abr 2014 19:54:53]   Found column: starts [type = DATETIME][SQL/XOPEN type = 93][size = 0][dec. digits = 0]
[18 Abr 2014 19:54:53]   Found column: ends [type = DATETIME][SQL/XOPEN type = 93][size = 0][dec. digits = 0]
[18 Abr 2014 19:54:53]   Found column: status [type = ENUM][SQL/XOPEN type = 1][size = 18][dec. digits = 0]
[18 Abr 2014 19:54:53]   Found column: on_completion [type = ENUM][SQL/XOPEN type = 1][size = 8][dec. digits = 0]
[18 Abr 2014 19:54:53]   Found column: sql_mode [type = SET UNSIGNED][SQL/XOPEN type = 1][size = 450][dec. digits = 0]
[18 Abr 2014 19:54:53]   Found column: comment [type = CHAR][SQL/XOPEN type = 1][size = 64][dec. digits = 0]
[18 Abr 2014 19:54:53]   Found column: originator [type = INT UNSIGNED][SQL/XOPEN type = 4][size = 10][dec. digits = 0]
[18 Abr 2014 19:54:53]   Found column: time_zone [type = CHAR][SQL/XOPEN type = 1][size = 64][dec. digits = 0]
[18 Abr 2014 19:54:53]   Found column: character_set_client [type = CHAR][SQL/XOPEN type = 1][size = 32][dec. digits = 0]
[18 Abr 2014 19:54:53]   Found column: collation_connection [type = CHAR][SQL/XOPEN type = 1][size = 32][dec. digits = 0]
[18 Abr 2014 19:54:53]   Found column: db_collation [type = CHAR][SQL/XOPEN type = 1][size = 32][dec. digits = 0]
[18 Abr 2014 19:54:53]   Found column: body_utf8 [type = LONGBLOB][SQL/XOPEN type = -4][size = 2147483647][dec. digits = 0]
[18 Abr 2014 19:54:53] Retrieving primary keys for 'event' [type = TABLE]
[18 Abr 2014 19:54:53]   Found primary key column: db
[18 Abr 2014 19:54:53]   Found primary key column: name
[18 Abr 2014 19:54:53] Retrieving columns for 'exercicio' [type = TABLE]
[18 Abr 2014 19:54:53]   Found column: oid [type = INT][SQL/XOPEN type = 4][size = 10][dec. digits = 0]
[18 Abr 2014 19:54:53]   Found column: designacao [type = VARCHAR][SQL/XOPEN type = 12][size = 255][dec. digits = 0]
[18 Abr 2014 19:54:53]   Found column: enunciado [type = VARCHAR][SQL/XOPEN type = 12][size = 255][dec. digits = 0]
[18 Abr 2014 19:54:53]   Found column: datacriacao [type = DATE][SQL/XOPEN type = 91][size = 0][dec. digits = 0]
[18 Abr 2014 19:54:53]   Found column: materia_oid [type = INT][SQL/XOPEN type = 4][size = 10][dec. digits = 0]
[18 Abr 2014 19:54:53]   Found column: professor_oid [type = INT][SQL/XOPEN type = 4][size = 10][dec. digits = 0]
[18 Abr 2014 19:54:53] Retrieving primary keys for 'exercicio' [type = TABLE]
[18 Abr 2014 19:54:53]   Found primary key column: oid
[18 Abr 2014 19:54:53] Retrieving columns for 'exercicio_2' [type = TABLE]
[18 Abr 2014 19:54:53]   Found column: oid [type = INT][SQL/XOPEN type = 4][size = 10][dec. digits = 0]
[18 Abr 2014 19:54:53]   Found column: designacao [type = VARCHAR][SQL/XOPEN type = 12][size = 255][dec. digits = 0]
[18 Abr 2014 19:54:53]   Found column: enunciado [type = VARCHAR][SQL/XOPEN type = 12][size = 255][dec. digits = 0]
[18 Abr 2014 19:54:53]   Found column: datacriacao [type = DATE][SQL/XOPEN type = 91][size = 0][dec. digits = 0]
[18 Abr 2014 19:54:53]   Found column: materia_2_oid [type = INT][SQL/XOPEN type = 4][size = 10][dec. digits = 0]
[18 Abr 2014 19:54:53]   Found column: professor_2_oid [type = INT][SQL/XOPEN type = 4][size = 10][dec. digits = 0]
[18 Abr 2014 19:54:53] Retrieving primary keys for 'exercicio_2' [type = TABLE]
[18 Abr 2014 19:54:53]   Found primary key column: oid
[18 Abr 2014 19:54:53] Retrieving columns for 'exercicio_individual' [type = TABLE]
[18 Abr 2014 19:54:53]   Found column: exercicio_oid [type = INT][SQL/XOPEN type = 4][size = 10][dec. digits = 0]
[18 Abr 2014 19:54:53]   Found column: oid [type = INT][SQL/XOPEN type = 4][size = 10][dec. digits = 0]
[18 Abr 2014 19:54:53] Retrieving primary keys for 'exercicio_individual' [type = TABLE]
[18 Abr 2014 19:54:53]   Found primary key column: exercicio_oid
[18 Abr 2014 19:54:53] Retrieving columns for 'exercicio_individual_2' [type = TABLE]
[18 Abr 2014 19:54:53]   Found column: exercicio_2_oid [type = INT][SQL/XOPEN type = 4][size = 10][dec. digits = 0]
[18 Abr 2014 19:54:53]   Found column: oid [type = INT][SQL/XOPEN type = 4][size = 10][dec. digits = 0]
[18 Abr 2014 19:54:53] Retrieving primary keys for 'exercicio_individual_2' [type = TABLE]
[18 Abr 2014 19:54:53]   Found primary key column: exercicio_2_oid
[18 Abr 2014 19:54:53] Retrieving columns for 'ficha_colectiva' [type = TABLE]
[18 Abr 2014 19:54:53]   Found column: exercicio_oid [type = INT][SQL/XOPEN type = 4][size = 10][dec. digits = 0]
[18 Abr 2014 19:54:53]   Found column: oid [type = INT][SQL/XOPEN type = 4][size = 10][dec. digits = 0]
[18 Abr 2014 19:54:53] Retrieving primary keys for 'ficha_colectiva' [type = TABLE]
[18 Abr 2014 19:54:53]   Found primary key column: exercicio_oid
[18 Abr 2014 19:54:53] Retrieving columns for 'ficha_colectiva_2' [type = TABLE]
[18 Abr 2014 19:54:53]   Found column: exercicio_2_oid [type = INT][SQL/XOPEN type = 4][size = 10][dec. digits = 0]
[18 Abr 2014 19:54:53]   Found column: oid [type = INT][SQL/XOPEN type = 4][size = 10][dec. digits = 0]
[18 Abr 2014 19:54:53] Retrieving primary keys for 'ficha_colectiva_2' [type = TABLE]
[18 Abr 2014 19:54:53]   Found primary key column: exercicio_2_oid
[18 Abr 2014 19:54:53] Retrieving columns for 'func' [type = TABLE]
[18 Abr 2014 19:54:53]   Found column: name [type = BINARY][SQL/XOPEN type = -2][size = 64][dec. digits = 0]
[18 Abr 2014 19:54:53]   Found column: ret [type = BIT][SQL/XOPEN type = -7][size = 0][dec. digits = 0]
[18 Abr 2014 19:54:53]   Found column: dl [type = CHAR][SQL/XOPEN type = 1][size = 128][dec. digits = 0]
[18 Abr 2014 19:54:53]   Found column: type [type = ENUM][SQL/XOPEN type = 1][size = 9][dec. digits = 0]
[18 Abr 2014 19:54:53] Retrieving primary keys for 'func' [type = TABLE]
[18 Abr 2014 19:54:53]   Found primary key column: name
[18 Abr 2014 19:54:53] Retrieving columns for 'general_log' [type = TABLE]
[18 Abr 2014 19:54:53]   Found column: event_time [type = TIMESTAMP][SQL/XOPEN type = 93][size = 0][dec. digits = 0]
[18 Abr 2014 19:54:53]   Found column: user_host [type = MEDIUMTEXT][SQL/XOPEN type = -1][size = 16777215][dec. digits = 0]
[18 Abr 2014 19:54:53]   Found column: thread_id [type = INT][SQL/XOPEN type = 4][size = 10][dec. digits = 0]
[18 Abr 2014 19:54:53]   Found column: server_id [type = INT UNSIGNED][SQL/XOPEN type = 4][size = 10][dec. digits = 0]
[18 Abr 2014 19:54:53]   Found column: command_type [type = VARCHAR][SQL/XOPEN type = 12][size = 64][dec. digits = 0]
[18 Abr 2014 19:54:53]   Found column: argument [type = MEDIUMTEXT][SQL/XOPEN type = -1][size = 16777215][dec. digits = 0]
[18 Abr 2014 19:54:53] Retrieving primary keys for 'general_log' [type = TABLE]
[18 Abr 2014 19:54:53] Retrieving columns for 'genre' [type = TABLE]
[18 Abr 2014 19:54:53]   Found column: oid [type = INT][SQL/XOPEN type = 4][size = 10][dec. digits = 0]
[18 Abr 2014 19:54:53]   Found column: genre [type = VARCHAR][SQL/XOPEN type = 12][size = 255][dec. digits = 0]
[18 Abr 2014 19:54:53] Retrieving primary keys for 'genre' [type = TABLE]
[18 Abr 2014 19:54:53]   Found primary key column: oid
[18 Abr 2014 19:54:53] Retrieving columns for 'group' [type = TABLE]
[18 Abr 2014 19:54:53]   Found column: oid [type = INT][SQL/XOPEN type = 4][size = 10][dec. digits = 0]
[18 Abr 2014 19:54:53]   Found column: groupname [type = VARCHAR][SQL/XOPEN type = 12][size = 255][dec. digits = 0]
[18 Abr 2014 19:54:53]   Found column: module_oid [type = INT][SQL/XOPEN type = 4][size = 10][dec. digits = 0]
[18 Abr 2014 19:54:53] Retrieving primary keys for 'group' [type = TABLE]
[18 Abr 2014 19:54:53]   Found primary key column: oid
[18 Abr 2014 19:54:53] Retrieving columns for 'group_2' [type = TABLE]
[18 Abr 2014 19:54:53]   Found column: oid [type = INT][SQL/XOPEN type = 4][size = 10][dec. digits = 0]
[18 Abr 2014 19:54:53]   Found column: groupname [type = VARCHAR][SQL/XOPEN type = 12][size = 255][dec. digits = 0]
[18 Abr 2014 19:54:53]   Found column: module_2_oid [type = INT][SQL/XOPEN type = 4][size = 10][dec. digits = 0]
[18 Abr 2014 19:54:53] Retrieving primary keys for 'group_2' [type = TABLE]
[18 Abr 2014 19:54:53]   Found primary key column: oid
[18 Abr 2014 19:54:53] Retrieving columns for 'group_3' [type = TABLE]
[18 Abr 2014 19:54:53]   Found column: oid [type = INT][SQL/XOPEN type = 4][size = 10][dec. digits = 0]
[18 Abr 2014 19:54:53]   Found column: groupname [type = VARCHAR][SQL/XOPEN type = 12][size = 255][dec. digits = 0]
[18 Abr 2014 19:54:53]   Found column: module_3_oid [type = INT][SQL/XOPEN type = 4][size = 10][dec. digits = 0]
[18 Abr 2014 19:54:53] Retrieving primary keys for 'group_3' [type = TABLE]
[18 Abr 2014 19:54:53]   Found primary key column: oid
[18 Abr 2014 19:54:53] Retrieving columns for 'group_module' [type = TABLE]
[18 Abr 2014 19:54:53]   Found column: group_oid [type = INT][SQL/XOPEN type = 4][size = 10][dec. digits = 0]
[18 Abr 2014 19:54:53]   Found column: module_oid [type = INT][SQL/XOPEN type = 4][size = 10][dec. digits = 0]
[18 Abr 2014 19:54:53] Retrieving primary keys for 'group_module' [type = TABLE]
[18 Abr 2014 19:54:53]   Found primary key column: group_oid
[18 Abr 2014 19:54:53]   Found primary key column: module_oid
[18 Abr 2014 19:54:53] Retrieving columns for 'group_module_2' [type = TABLE]
[18 Abr 2014 19:54:53]   Found column: group_2_oid [type = INT][SQL/XOPEN type = 4][size = 10][dec. digits = 0]
[18 Abr 2014 19:54:53]   Found column: module_2_oid [type = INT][SQL/XOPEN type = 4][size = 10][dec. digits = 0]
[18 Abr 2014 19:54:53] Retrieving primary keys for 'group_module_2' [type = TABLE]
[18 Abr 2014 19:54:53]   Found primary key column: group_2_oid
[18 Abr 2014 19:54:53]   Found primary key column: module_2_oid
[18 Abr 2014 19:54:53] Retrieving columns for 'group_module_3' [type = TABLE]
[18 Abr 2014 19:54:53]   Found column: group_3_oid [type = INT][SQL/XOPEN type = 4][size = 10][dec. digits = 0]
[18 Abr 2014 19:54:53]   Found column: module_3_oid [type = INT][SQL/XOPEN type = 4][size = 10][dec. digits = 0]
[18 Abr 2014 19:54:53] Retrieving primary keys for 'group_module_3' [type = TABLE]
[18 Abr 2014 19:54:53]   Found primary key column: group_3_oid
[18 Abr 2014 19:54:53]   Found primary key column: module_3_oid
[18 Abr 2014 19:54:53] Retrieving columns for 'help_category' [type = TABLE]
[18 Abr 2014 19:54:53]   Found column: help_category_id [type = SMALLINT UNSIGNED][SQL/XOPEN type = 5][size = 5][dec. digits = 0]
[18 Abr 2014 19:54:53]   Found column: name [type = VARCHAR][SQL/XOPEN type = 12][size = 64][dec. digits = 0]
[18 Abr 2014 19:54:53]   Found column: parent_category_id [type = SMALLINT UNSIGNED][SQL/XOPEN type = 5][size = 5][dec. digits = 0]
[18 Abr 2014 19:54:53]   Found column: url [type = VARCHAR][SQL/XOPEN type = 12][size = 128][dec. digits = 0]
[18 Abr 2014 19:54:53] Retrieving primary keys for 'help_category' [type = TABLE]
[18 Abr 2014 19:54:53]   Found primary key column: help_category_id
[18 Abr 2014 19:54:53] Retrieving columns for 'help_keyword' [type = TABLE]
[18 Abr 2014 19:54:53]   Found column: help_keyword_id [type = INT UNSIGNED][SQL/XOPEN type = 4][size = 10][dec. digits = 0]
[18 Abr 2014 19:54:53]   Found column: name [type = VARCHAR][SQL/XOPEN type = 12][size = 64][dec. digits = 0]
[18 Abr 2014 19:54:53] Retrieving primary keys for 'help_keyword' [type = TABLE]
[18 Abr 2014 19:54:53]   Found primary key column: help_keyword_id
[18 Abr 2014 19:54:53] Retrieving columns for 'help_relation' [type = TABLE]
[18 Abr 2014 19:54:53]   Found column: help_topic_id [type = INT UNSIGNED][SQL/XOPEN type = 4][size = 10][dec. digits = 0]
[18 Abr 2014 19:54:53]   Found column: help_keyword_id [type = INT UNSIGNED][SQL/XOPEN type = 4][size = 10][dec. digits = 0]
[18 Abr 2014 19:54:53] Retrieving primary keys for 'help_relation' [type = TABLE]
[18 Abr 2014 19:54:53]   Found primary key column: help_topic_id
[18 Abr 2014 19:54:53]   Found primary key column: help_keyword_id
[18 Abr 2014 19:54:53] Retrieving columns for 'help_topic' [type = TABLE]
[18 Abr 2014 19:54:53]   Found column: help_topic_id [type = INT UNSIGNED][SQL/XOPEN type = 4][size = 10][dec. digits = 0]
[18 Abr 2014 19:54:53]   Found column: name [type = VARCHAR][SQL/XOPEN type = 12][size = 64][dec. digits = 0]
[18 Abr 2014 19:54:53]   Found column: help_category_id [type = SMALLINT UNSIGNED][SQL/XOPEN type = 5][size = 5][dec. digits = 0]
[18 Abr 2014 19:54:53]   Found column: description [type = TEXT][SQL/XOPEN type = -1][size = 65535][dec. digits = 0]
[18 Abr 2014 19:54:53]   Found column: example [type = TEXT][SQL/XOPEN type = -1][size = 65535][dec. digits = 0]
[18 Abr 2014 19:54:53]   Found column: url [type = VARCHAR][SQL/XOPEN type = 12][size = 128][dec. digits = 0]
[18 Abr 2014 19:54:53] Retrieving primary keys for 'help_topic' [type = TABLE]
[18 Abr 2014 19:54:53]   Found primary key column: help_topic_id
[18 Abr 2014 19:54:53] Retrieving columns for 'host' [type = TABLE]
[18 Abr 2014 19:54:53]   Found column: Host [type = CHAR][SQL/XOPEN type = 1][size = 60][dec. digits = 0]
[18 Abr 2014 19:54:53]   Found column: Db [type = CHAR][SQL/XOPEN type = 1][size = 64][dec. digits = 0]
[18 Abr 2014 19:54:53]   Found column: Select_priv [type = ENUM][SQL/XOPEN type = 1][size = 2][dec. digits = 0]
[18 Abr 2014 19:54:53]   Found column: Insert_priv [type = ENUM][SQL/XOPEN type = 1][size = 2][dec. digits = 0]
[18 Abr 2014 19:54:53]   Found column: Update_priv [type = ENUM][SQL/XOPEN type = 1][size = 2][dec. digits = 0]
[18 Abr 2014 19:54:53]   Found column: Delete_priv [type = ENUM][SQL/XOPEN type = 1][size = 2][dec. digits = 0]
[18 Abr 2014 19:54:53]   Found column: Create_priv [type = ENUM][SQL/XOPEN type = 1][size = 2][dec. digits = 0]
[18 Abr 2014 19:54:53]   Found column: Drop_priv [type = ENUM][SQL/XOPEN type = 1][size = 2][dec. digits = 0]
[18 Abr 2014 19:54:53]   Found column: Grant_priv [type = ENUM][SQL/XOPEN type = 1][size = 2][dec. digits = 0]
[18 Abr 2014 19:54:53]   Found column: References_priv [type = ENUM][SQL/XOPEN type = 1][size = 2][dec. digits = 0]
[18 Abr 2014 19:54:53]   Found column: Index_priv [type = ENUM][SQL/XOPEN type = 1][size = 2][dec. digits = 0]
[18 Abr 2014 19:54:53]   Found column: Alter_priv [type = ENUM][SQL/XOPEN type = 1][size = 2][dec. digits = 0]
[18 Abr 2014 19:54:53]   Found column: Create_tmp_table_priv [type = ENUM][SQL/XOPEN type = 1][size = 2][dec. digits = 0]
[18 Abr 2014 19:54:53]   Found column: Lock_tables_priv [type = ENUM][SQL/XOPEN type = 1][size = 2][dec. digits = 0]
[18 Abr 2014 19:54:53]   Found column: Create_view_priv [type = ENUM][SQL/XOPEN type = 1][size = 2][dec. digits = 0]
[18 Abr 2014 19:54:53]   Found column: Show_view_priv [type = ENUM][SQL/XOPEN type = 1][size = 2][dec. digits = 0]
[18 Abr 2014 19:54:53]   Found column: Create_routine_priv [type = ENUM][SQL/XOPEN type = 1][size = 2][dec. digits = 0]
[18 Abr 2014 19:54:53]   Found column: Alter_routine_priv [type = ENUM][SQL/XOPEN type = 1][size = 2][dec. digits = 0]
[18 Abr 2014 19:54:53]   Found column: Execute_priv [type = ENUM][SQL/XOPEN type = 1][size = 2][dec. digits = 0]
[18 Abr 2014 19:54:53]   Found column: Trigger_priv [type = ENUM][SQL/XOPEN type = 1][size = 2][dec. digits = 0]
[18 Abr 2014 19:54:53] Retrieving primary keys for 'host' [type = TABLE]
[18 Abr 2014 19:54:53]   Found primary key column: Host
[18 Abr 2014 19:54:53]   Found primary key column: Db
[18 Abr 2014 19:54:53] Retrieving columns for 'livros' [type = TABLE]
[18 Abr 2014 19:54:53]   Found column: oid [type = INT][SQL/XOPEN type = 4][size = 10][dec. digits = 0]
[18 Abr 2014 19:54:53]   Found column: titulo [type = VARCHAR][SQL/XOPEN type = 12][size = 255][dec. digits = 0]
[18 Abr 2014 19:54:53]   Found column: numpages [type = INT][SQL/XOPEN type = 4][size = 10][dec. digits = 0]
[18 Abr 2014 19:54:53]   Found column: description [type = VARCHAR][SQL/XOPEN type = 12][size = 255][dec. digits = 0]
[18 Abr 2014 19:54:53]   Found column: genre_oid [type = INT][SQL/XOPEN type = 4][size = 10][dec. digits = 0]
[18 Abr 2014 19:54:53] Retrieving primary keys for 'livros' [type = TABLE]
[18 Abr 2014 19:54:53]   Found primary key column: oid
[18 Abr 2014 19:54:53] Retrieving columns for 'materia' [type = TABLE]
[18 Abr 2014 19:54:53]   Found column: oid [type = INT][SQL/XOPEN type = 4][size = 10][dec. digits = 0]
[18 Abr 2014 19:54:53]   Found column: nome [type = VARCHAR][SQL/XOPEN type = 12][size = 255][dec. digits = 0]
[18 Abr 2014 19:54:53] Retrieving primary keys for 'materia' [type = TABLE]
[18 Abr 2014 19:54:53]   Found primary key column: oid
[18 Abr 2014 19:54:53] Retrieving columns for 'materia_2' [type = TABLE]
[18 Abr 2014 19:54:53]   Found column: oid [type = INT][SQL/XOPEN type = 4][size = 10][dec. digits = 0]
[18 Abr 2014 19:54:53]   Found column: nome [type = VARCHAR][SQL/XOPEN type = 12][size = 255][dec. digits = 0]
[18 Abr 2014 19:54:53] Retrieving primary keys for 'materia_2' [type = TABLE]
[18 Abr 2014 19:54:53]   Found primary key column: oid
[18 Abr 2014 19:54:53] Retrieving columns for 'module' [type = TABLE]
[18 Abr 2014 19:54:53]   Found column: oid [type = INT][SQL/XOPEN type = 4][size = 10][dec. digits = 0]
[18 Abr 2014 19:54:53]   Found column: moduleid [type = VARCHAR][SQL/XOPEN type = 12][size = 255][dec. digits = 0]
[18 Abr 2014 19:54:53]   Found column: modulename [type = VARCHAR][SQL/XOPEN type = 12][size = 255][dec. digits = 0]
[18 Abr 2014 19:54:53] Retrieving primary keys for 'module' [type = TABLE]
[18 Abr 2014 19:54:53]   Found primary key column: oid
[18 Abr 2014 19:54:53] Retrieving columns for 'module_2' [type = TABLE]
[18 Abr 2014 19:54:53]   Found column: oid [type = INT][SQL/XOPEN type = 4][size = 10][dec. digits = 0]
[18 Abr 2014 19:54:53]   Found column: moduleid [type = VARCHAR][SQL/XOPEN type = 12][size = 255][dec. digits = 0]
[18 Abr 2014 19:54:53]   Found column: modulename [type = VARCHAR][SQL/XOPEN type = 12][size = 255][dec. digits = 0]
[18 Abr 2014 19:54:53] Retrieving primary keys for 'module_2' [type = TABLE]
[18 Abr 2014 19:54:53]   Found primary key column: oid
[18 Abr 2014 19:54:53] Retrieving columns for 'module_3' [type = TABLE]
[18 Abr 2014 19:54:53]   Found column: oid [type = INT][SQL/XOPEN type = 4][size = 10][dec. digits = 0]
[18 Abr 2014 19:54:53]   Found column: moduleid [type = VARCHAR][SQL/XOPEN type = 12][size = 255][dec. digits = 0]
[18 Abr 2014 19:54:53]   Found column: modulename [type = VARCHAR][SQL/XOPEN type = 12][size = 255][dec. digits = 0]
[18 Abr 2014 19:54:53] Retrieving primary keys for 'module_3' [type = TABLE]
[18 Abr 2014 19:54:53]   Found primary key column: oid
[18 Abr 2014 19:54:53] Retrieving columns for 'ndb_binlog_index' [type = TABLE]
[18 Abr 2014 19:54:53]   Found column: Position [type = NUMERIC][SQL/XOPEN type = 2][size = 20][dec. digits = 0]
[18 Abr 2014 19:54:53]   Found column: File [type = VARCHAR][SQL/XOPEN type = 12][size = 255][dec. digits = 0]
[18 Abr 2014 19:54:53]   Found column: epoch [type = NUMERIC][SQL/XOPEN type = 2][size = 20][dec. digits = 0]
[18 Abr 2014 19:54:53]   Found column: inserts [type = NUMERIC][SQL/XOPEN type = 2][size = 20][dec. digits = 0]
[18 Abr 2014 19:54:53]   Found column: updates [type = NUMERIC][SQL/XOPEN type = 2][size = 20][dec. digits = 0]
[18 Abr 2014 19:54:53]   Found column: deletes [type = NUMERIC][SQL/XOPEN type = 2][size = 20][dec. digits = 0]
[18 Abr 2014 19:54:53]   Found column: schemaops [type = NUMERIC][SQL/XOPEN type = 2][size = 20][dec. digits = 0]
[18 Abr 2014 19:54:53] Retrieving primary keys for 'ndb_binlog_index' [type = TABLE]
[18 Abr 2014 19:54:53]   Found primary key column: epoch
[18 Abr 2014 19:54:53] Retrieving columns for 'nota' [type = TABLE]
[18 Abr 2014 19:54:53]   Found column: oid [type = INT][SQL/XOPEN type = 4][size = 10][dec. digits = 0]
[18 Abr 2014 19:54:53]   Found column: valor [type = INT][SQL/XOPEN type = 4][size = 10][dec. digits = 0]
[18 Abr 2014 19:54:53]   Found column: exercicio_oid [type = INT][SQL/XOPEN type = 4][size = 10][dec. digits = 0]
[18 Abr 2014 19:54:53] Retrieving primary keys for 'nota' [type = TABLE]
[18 Abr 2014 19:54:53]   Found primary key column: oid
[18 Abr 2014 19:54:53] Retrieving columns for 'nota_2' [type = TABLE]
[18 Abr 2014 19:54:53]   Found column: oid [type = INT][SQL/XOPEN type = 4][size = 10][dec. digits = 0]
[18 Abr 2014 19:54:53]   Found column: valor [type = INT][SQL/XOPEN type = 4][size = 10][dec. digits = 0]
[18 Abr 2014 19:54:53]   Found column: exercicio_2_oid [type = INT][SQL/XOPEN type = 4][size = 10][dec. digits = 0]
[18 Abr 2014 19:54:53] Retrieving primary keys for 'nota_2' [type = TABLE]
[18 Abr 2014 19:54:53]   Found primary key column: oid
[18 Abr 2014 19:54:53] Retrieving columns for 'nota_estatistica' [type = TABLE]
[18 Abr 2014 19:54:53]   Found column: nota_oid [type = INT][SQL/XOPEN type = 4][size = 10][dec. digits = 0]
[18 Abr 2014 19:54:53]   Found column: estatistica_oid [type = INT][SQL/XOPEN type = 4][size = 10][dec. digits = 0]
[18 Abr 2014 19:54:53] Retrieving primary keys for 'nota_estatistica' [type = TABLE]
[18 Abr 2014 19:54:53]   Found primary key column: nota_oid
[18 Abr 2014 19:54:53]   Found primary key column: estatistica_oid
[18 Abr 2014 19:54:53] Retrieving columns for 'nota_estatistica_2' [type = TABLE]
[18 Abr 2014 19:54:53]   Found column: nota_2_oid [type = INT][SQL/XOPEN type = 4][size = 10][dec. digits = 0]
[18 Abr 2014 19:54:53]   Found column: estatistica_2_oid [type = INT][SQL/XOPEN type = 4][size = 10][dec. digits = 0]
[18 Abr 2014 19:54:53] Retrieving primary keys for 'nota_estatistica_2' [type = TABLE]
[18 Abr 2014 19:54:53]   Found primary key column: nota_2_oid
[18 Abr 2014 19:54:53]   Found primary key column: estatistica_2_oid
[18 Abr 2014 19:54:53] Retrieving columns for 'notificacao' [type = TABLE]
[18 Abr 2014 19:54:53]   Found column: oid [type = INT][SQL/XOPEN type = 4][size = 10][dec. digits = 0]
[18 Abr 2014 19:54:53]   Found column: mensagem [type = VARCHAR][SQL/XOPEN type = 12][size = 255][dec. digits = 0]
[18 Abr 2014 19:54:53]   Found column: assunto [type = VARCHAR][SQL/XOPEN type = 12][size = 255][dec. digits = 0]
[18 Abr 2014 19:54:53]   Found column: nomeremetente [type = VARCHAR][SQL/XOPEN type = 12][size = 255][dec. digits = 0]
[18 Abr 2014 19:54:53]   Found column: dataleitura [type = DATE][SQL/XOPEN type = 91][size = 0][dec. digits = 0]
[18 Abr 2014 19:54:53]   Found column: professor_oid [type = INT][SQL/XOPEN type = 4][size = 10][dec. digits = 0]
[18 Abr 2014 19:54:53]   Found column: direcao_oid [type = INT][SQL/XOPEN type = 4][size = 10][dec. digits = 0]
[18 Abr 2014 19:54:53]   Found column: encarregado_oid [type = INT][SQL/XOPEN type = 4][size = 10][dec. digits = 0]
[18 Abr 2014 19:54:53] Retrieving primary keys for 'notificacao' [type = TABLE]
[18 Abr 2014 19:54:53]   Found primary key column: oid
[18 Abr 2014 19:54:53] Retrieving columns for 'notificacao_2' [type = TABLE]
[18 Abr 2014 19:54:53]   Found column: oid [type = INT][SQL/XOPEN type = 4][size = 10][dec. digits = 0]
[18 Abr 2014 19:54:53]   Found column: mensagem [type = VARCHAR][SQL/XOPEN type = 12][size = 255][dec. digits = 0]
[18 Abr 2014 19:54:53]   Found column: assunto [type = VARCHAR][SQL/XOPEN type = 12][size = 255][dec. digits = 0]
[18 Abr 2014 19:54:53]   Found column: nomeremetente [type = VARCHAR][SQL/XOPEN type = 12][size = 255][dec. digits = 0]
[18 Abr 2014 19:54:53]   Found column: dataleitura [type = DATE][SQL/XOPEN type = 91][size = 0][dec. digits = 0]
[18 Abr 2014 19:54:53]   Found column: professor_2_oid [type = INT][SQL/XOPEN type = 4][size = 10][dec. digits = 0]
[18 Abr 2014 19:54:53]   Found column: direcao_2_oid [type = INT][SQL/XOPEN type = 4][size = 10][dec. digits = 0]
[18 Abr 2014 19:54:53]   Found column: encarregado_2_oid [type = INT][SQL/XOPEN type = 4][size = 10][dec. digits = 0]
[18 Abr 2014 19:54:53] Retrieving primary keys for 'notificacao_2' [type = TABLE]
[18 Abr 2014 19:54:53]   Found primary key column: oid
[18 Abr 2014 19:54:53] Retrieving columns for 'plugin' [type = TABLE]
[18 Abr 2014 19:54:53]   Found column: name [type = VARCHAR][SQL/XOPEN type = 12][size = 64][dec. digits = 0]
[18 Abr 2014 19:54:53]   Found column: dl [type = VARCHAR][SQL/XOPEN type = 12][size = 128][dec. digits = 0]
[18 Abr 2014 19:54:53] Retrieving primary keys for 'plugin' [type = TABLE]
[18 Abr 2014 19:54:53]   Found primary key column: name
[18 Abr 2014 19:54:53] Retrieving columns for 'proc' [type = TABLE]
[18 Abr 2014 19:54:53]   Found column: db [type = CHAR][SQL/XOPEN type = 1][size = 64][dec. digits = 0]
[18 Abr 2014 19:54:53]   Found column: name [type = CHAR][SQL/XOPEN type = 1][size = 64][dec. digits = 0]
[18 Abr 2014 19:54:53]   Found column: type [type = ENUM][SQL/XOPEN type = 1][size = 9][dec. digits = 0]
[18 Abr 2014 19:54:53]   Found column: specific_name [type = CHAR][SQL/XOPEN type = 1][size = 64][dec. digits = 0]
[18 Abr 2014 19:54:53]   Found column: language [type = ENUM][SQL/XOPEN type = 1][size = 4][dec. digits = 0]
[18 Abr 2014 19:54:53]   Found column: sql_data_access [type = ENUM][SQL/XOPEN type = 1][size = 17][dec. digits = 0]
[18 Abr 2014 19:54:53]   Found column: is_deterministic [type = ENUM][SQL/XOPEN type = 1][size = 4][dec. digits = 0]
[18 Abr 2014 19:54:53]   Found column: security_type [type = ENUM][SQL/XOPEN type = 1][size = 8][dec. digits = 0]
[18 Abr 2014 19:54:53]   Found column: param_list [type = BLOB][SQL/XOPEN type = -4][size = 65535][dec. digits = 0]
[18 Abr 2014 19:54:53]   Found column: returns [type = LONGBLOB][SQL/XOPEN type = -4][size = 2147483647][dec. digits = 0]
[18 Abr 2014 19:54:53]   Found column: body [type = LONGBLOB][SQL/XOPEN type = -4][size = 2147483647][dec. digits = 0]
[18 Abr 2014 19:54:53]   Found column: definer [type = CHAR][SQL/XOPEN type = 1][size = 77][dec. digits = 0]
[18 Abr 2014 19:54:53]   Found column: created [type = TIMESTAMP][SQL/XOPEN type = 93][size = 0][dec. digits = 0]
[18 Abr 2014 19:54:53]   Found column: modified [type = TIMESTAMP][SQL/XOPEN type = 93][size = 0][dec. digits = 0]
[18 Abr 2014 19:54:53]   Found column: sql_mode [type = SET UNSIGNED][SQL/XOPEN type = 1][size = 450][dec. digits = 0]
[18 Abr 2014 19:54:53]   Found column: comment [type = TEXT][SQL/XOPEN type = -1][size = 65535][dec. digits = 0]
[18 Abr 2014 19:54:53]   Found column: character_set_client [type = CHAR][SQL/XOPEN type = 1][size = 32][dec. digits = 0]
[18 Abr 2014 19:54:53]   Found column: collation_connection [type = CHAR][SQL/XOPEN type = 1][size = 32][dec. digits = 0]
[18 Abr 2014 19:54:53]   Found column: db_collation [type = CHAR][SQL/XOPEN type = 1][size = 32][dec. digits = 0]
[18 Abr 2014 19:54:53]   Found column: body_utf8 [type = LONGBLOB][SQL/XOPEN type = -4][size = 2147483647][dec. digits = 0]
[18 Abr 2014 19:54:53] Retrieving primary keys for 'proc' [type = TABLE]
[18 Abr 2014 19:54:53]   Found primary key column: db
[18 Abr 2014 19:54:53]   Found primary key column: name
[18 Abr 2014 19:54:53]   Found primary key column: type
[18 Abr 2014 19:54:53] Retrieving columns for 'procs_priv' [type = TABLE]
[18 Abr 2014 19:54:53]   Found column: Host [type = CHAR][SQL/XOPEN type = 1][size = 60][dec. digits = 0]
[18 Abr 2014 19:54:53]   Found column: Db [type = CHAR][SQL/XOPEN type = 1][size = 64][dec. digits = 0]
[18 Abr 2014 19:54:53]   Found column: User [type = CHAR][SQL/XOPEN type = 1][size = 16][dec. digits = 0]
[18 Abr 2014 19:54:53]   Found column: Routine_name [type = CHAR][SQL/XOPEN type = 1][size = 64][dec. digits = 0]
[18 Abr 2014 19:54:53]   Found column: Routine_type [type = ENUM][SQL/XOPEN type = 1][size = 9][dec. digits = 0]
[18 Abr 2014 19:54:53]   Found column: Grantor [type = CHAR][SQL/XOPEN type = 1][size = 77][dec. digits = 0]
[18 Abr 2014 19:54:53]   Found column: Proc_priv [type = SET][SQL/XOPEN type = 1][size = 28][dec. digits = 0]
[18 Abr 2014 19:54:53]   Found column: Timestamp [type = TIMESTAMP][SQL/XOPEN type = 93][size = 0][dec. digits = 0]
[18 Abr 2014 19:54:53] Retrieving primary keys for 'procs_priv' [type = TABLE]
[18 Abr 2014 19:54:53]   Found primary key column: Host
[18 Abr 2014 19:54:53]   Found primary key column: Db
[18 Abr 2014 19:54:53]   Found primary key column: User
[18 Abr 2014 19:54:53]   Found primary key column: Routine_name
[18 Abr 2014 19:54:53]   Found primary key column: Routine_type
[18 Abr 2014 19:54:53] Retrieving columns for 'professor' [type = TABLE]
[18 Abr 2014 19:54:53]   Found column: user_3_oid [type = INT][SQL/XOPEN type = 4][size = 10][dec. digits = 0]
[18 Abr 2014 19:54:53]   Found column: oid [type = INT][SQL/XOPEN type = 4][size = 10][dec. digits = 0]
[18 Abr 2014 19:54:53]   Found column: nome [type = VARCHAR][SQL/XOPEN type = 12][size = 255][dec. digits = 0]
[18 Abr 2014 19:54:53] Retrieving primary keys for 'professor' [type = TABLE]
[18 Abr 2014 19:54:53]   Found primary key column: user_3_oid
[18 Abr 2014 19:54:53] Retrieving columns for 'professor_2' [type = TABLE]
[18 Abr 2014 19:54:53]   Found column: user_4_oid [type = INT][SQL/XOPEN type = 4][size = 10][dec. digits = 0]
[18 Abr 2014 19:54:53]   Found column: oid [type = INT][SQL/XOPEN type = 4][size = 10][dec. digits = 0]
[18 Abr 2014 19:54:53]   Found column: nome [type = VARCHAR][SQL/XOPEN type = 12][size = 255][dec. digits = 0]
[18 Abr 2014 19:54:53] Retrieving primary keys for 'professor_2' [type = TABLE]
[18 Abr 2014 19:54:53]   Found primary key column: user_4_oid
[18 Abr 2014 19:54:53] Retrieving columns for 'proxies_priv' [type = TABLE]
[18 Abr 2014 19:54:53]   Found column: Host [type = CHAR][SQL/XOPEN type = 1][size = 60][dec. digits = 0]
[18 Abr 2014 19:54:53]   Found column: User [type = CHAR][SQL/XOPEN type = 1][size = 16][dec. digits = 0]
[18 Abr 2014 19:54:53]   Found column: Proxied_host [type = CHAR][SQL/XOPEN type = 1][size = 60][dec. digits = 0]
[18 Abr 2014 19:54:53]   Found column: Proxied_user [type = CHAR][SQL/XOPEN type = 1][size = 16][dec. digits = 0]
[18 Abr 2014 19:54:53]   Found column: With_grant [type = BIT][SQL/XOPEN type = -7][size = 0][dec. digits = 0]
[18 Abr 2014 19:54:53]   Found column: Grantor [type = CHAR][SQL/XOPEN type = 1][size = 77][dec. digits = 0]
[18 Abr 2014 19:54:53]   Found column: Timestamp [type = TIMESTAMP][SQL/XOPEN type = 93][size = 0][dec. digits = 0]
[18 Abr 2014 19:54:53] Retrieving primary keys for 'proxies_priv' [type = TABLE]
[18 Abr 2014 19:54:53]   Found primary key column: Host
[18 Abr 2014 19:54:53]   Found primary key column: User
[18 Abr 2014 19:54:53]   Found primary key column: Proxied_host
[18 Abr 2014 19:54:53]   Found primary key column: Proxied_user
[18 Abr 2014 19:54:53] Retrieving columns for 'servers' [type = TABLE]
[18 Abr 2014 19:54:53]   Found column: Server_name [type = CHAR][SQL/XOPEN type = 1][size = 64][dec. digits = 0]
[18 Abr 2014 19:54:53]   Found column: Host [type = CHAR][SQL/XOPEN type = 1][size = 64][dec. digits = 0]
[18 Abr 2014 19:54:53]   Found column: Db [type = CHAR][SQL/XOPEN type = 1][size = 64][dec. digits = 0]
[18 Abr 2014 19:54:53]   Found column: Username [type = CHAR][SQL/XOPEN type = 1][size = 64][dec. digits = 0]
[18 Abr 2014 19:54:53]   Found column: Password [type = CHAR][SQL/XOPEN type = 1][size = 64][dec. digits = 0]
[18 Abr 2014 19:54:53]   Found column: Port [type = INT][SQL/XOPEN type = 4][size = 10][dec. digits = 0]
[18 Abr 2014 19:54:53]   Found column: Socket [type = CHAR][SQL/XOPEN type = 1][size = 64][dec. digits = 0]
[18 Abr 2014 19:54:53]   Found column: Wrapper [type = CHAR][SQL/XOPEN type = 1][size = 64][dec. digits = 0]
[18 Abr 2014 19:54:53]   Found column: Owner [type = CHAR][SQL/XOPEN type = 1][size = 64][dec. digits = 0]
[18 Abr 2014 19:54:53] Retrieving primary keys for 'servers' [type = TABLE]
[18 Abr 2014 19:54:53]   Found primary key column: Server_name
[18 Abr 2014 19:54:53] Retrieving columns for 'slow_log' [type = TABLE]
[18 Abr 2014 19:54:53]   Found column: start_time [type = TIMESTAMP][SQL/XOPEN type = 93][size = 0][dec. digits = 0]
[18 Abr 2014 19:54:53]   Found column: user_host [type = MEDIUMTEXT][SQL/XOPEN type = -1][size = 16777215][dec. digits = 0]
[18 Abr 2014 19:54:53]   Found column: query_time [type = TIME][SQL/XOPEN type = 92][size = 0][dec. digits = 0]
[18 Abr 2014 19:54:53]   Found column: lock_time [type = TIME][SQL/XOPEN type = 92][size = 0][dec. digits = 0]
[18 Abr 2014 19:54:53]   Found column: rows_sent [type = INT][SQL/XOPEN type = 4][size = 10][dec. digits = 0]
[18 Abr 2014 19:54:53]   Found column: rows_examined [type = INT][SQL/XOPEN type = 4][size = 10][dec. digits = 0]
[18 Abr 2014 19:54:53]   Found column: db [type = VARCHAR][SQL/XOPEN type = 12][size = 512][dec. digits = 0]
[18 Abr 2014 19:54:53]   Found column: last_insert_id [type = INT][SQL/XOPEN type = 4][size = 10][dec. digits = 0]
[18 Abr 2014 19:54:53]   Found column: insert_id [type = INT][SQL/XOPEN type = 4][size = 10][dec. digits = 0]
[18 Abr 2014 19:54:53]   Found column: server_id [type = INT UNSIGNED][SQL/XOPEN type = 4][size = 10][dec. digits = 0]
[18 Abr 2014 19:54:53]   Found column: sql_text [type = MEDIUMTEXT][SQL/XOPEN type = -1][size = 16777215][dec. digits = 0]
[18 Abr 2014 19:54:53] Retrieving primary keys for 'slow_log' [type = TABLE]
[18 Abr 2014 19:54:53] Retrieving columns for 'tables_priv' [type = TABLE]
[18 Abr 2014 19:54:53]   Found column: Host [type = CHAR][SQL/XOPEN type = 1][size = 60][dec. digits = 0]
[18 Abr 2014 19:54:53]   Found column: Db [type = CHAR][SQL/XOPEN type = 1][size = 64][dec. digits = 0]
[18 Abr 2014 19:54:53]   Found column: User [type = CHAR][SQL/XOPEN type = 1][size = 16][dec. digits = 0]
[18 Abr 2014 19:54:53]   Found column: Table_name [type = CHAR][SQL/XOPEN type = 1][size = 64][dec. digits = 0]
[18 Abr 2014 19:54:53]   Found column: Grantor [type = CHAR][SQL/XOPEN type = 1][size = 77][dec. digits = 0]
[18 Abr 2014 19:54:53]   Found column: Timestamp [type = TIMESTAMP][SQL/XOPEN type = 93][size = 0][dec. digits = 0]
[18 Abr 2014 19:54:53]   Found column: Table_priv [type = SET][SQL/XOPEN type = 1][size = 89][dec. digits = 0]
[18 Abr 2014 19:54:53]   Found column: Column_priv [type = SET][SQL/XOPEN type = 1][size = 31][dec. digits = 0]
[18 Abr 2014 19:54:53] Retrieving primary keys for 'tables_priv' [type = TABLE]
[18 Abr 2014 19:54:53]   Found primary key column: Host
[18 Abr 2014 19:54:53]   Found primary key column: Db
[18 Abr 2014 19:54:53]   Found primary key column: User
[18 Abr 2014 19:54:53]   Found primary key column: Table_name
[18 Abr 2014 19:54:53] Retrieving columns for 'time_zone' [type = TABLE]
[18 Abr 2014 19:54:53]   Found column: Time_zone_id [type = INT UNSIGNED][SQL/XOPEN type = 4][size = 10][dec. digits = 0]
[18 Abr 2014 19:54:53]   Found column: Use_leap_seconds [type = ENUM][SQL/XOPEN type = 1][size = 2][dec. digits = 0]
[18 Abr 2014 19:54:53] Retrieving primary keys for 'time_zone' [type = TABLE]
[18 Abr 2014 19:54:53]   Found primary key column: Time_zone_id
[18 Abr 2014 19:54:53] Retrieving columns for 'time_zone_leap_second' [type = TABLE]
[18 Abr 2014 19:54:53]   Found column: Transition_time [type = NUMERIC][SQL/XOPEN type = 2][size = 19][dec. digits = 0]
[18 Abr 2014 19:54:53]   Found column: Correction [type = INT][SQL/XOPEN type = 4][size = 10][dec. digits = 0]
[18 Abr 2014 19:54:53] Retrieving primary keys for 'time_zone_leap_second' [type = TABLE]
[18 Abr 2014 19:54:53]   Found primary key column: Transition_time
[18 Abr 2014 19:54:53] Retrieving columns for 'time_zone_name' [type = TABLE]
[18 Abr 2014 19:54:53]   Found column: Name [type = CHAR][SQL/XOPEN type = 1][size = 64][dec. digits = 0]
[18 Abr 2014 19:54:53]   Found column: Time_zone_id [type = INT UNSIGNED][SQL/XOPEN type = 4][size = 10][dec. digits = 0]
[18 Abr 2014 19:54:53] Retrieving primary keys for 'time_zone_name' [type = TABLE]
[18 Abr 2014 19:54:53]   Found primary key column: Name
[18 Abr 2014 19:54:53] Retrieving columns for 'time_zone_transition' [type = TABLE]
[18 Abr 2014 19:54:53]   Found column: Time_zone_id [type = INT UNSIGNED][SQL/XOPEN type = 4][size = 10][dec. digits = 0]
[18 Abr 2014 19:54:53]   Found column: Transition_time [type = NUMERIC][SQL/XOPEN type = 2][size = 19][dec. digits = 0]
[18 Abr 2014 19:54:53]   Found column: Transition_type_id [type = INT UNSIGNED][SQL/XOPEN type = 4][size = 10][dec. digits = 0]
[18 Abr 2014 19:54:53] Retrieving primary keys for 'time_zone_transition' [type = TABLE]
[18 Abr 2014 19:54:53]   Found primary key column: Time_zone_id
[18 Abr 2014 19:54:53]   Found primary key column: Transition_time
[18 Abr 2014 19:54:53] Retrieving columns for 'time_zone_transition_type' [type = TABLE]
[18 Abr 2014 19:54:53]   Found column: Time_zone_id [type = INT UNSIGNED][SQL/XOPEN type = 4][size = 10][dec. digits = 0]
[18 Abr 2014 19:54:53]   Found column: Transition_type_id [type = INT UNSIGNED][SQL/XOPEN type = 4][size = 10][dec. digits = 0]
[18 Abr 2014 19:54:53]   Found column: Offset [type = INT][SQL/XOPEN type = 4][size = 10][dec. digits = 0]
[18 Abr 2014 19:54:53]   Found column: Is_DST [type = TINYINT UNSIGNED][SQL/XOPEN type = -6][size = 3][dec. digits = 0]
[18 Abr 2014 19:54:53]   Found column: Abbreviation [type = CHAR][SQL/XOPEN type = 1][size = 8][dec. digits = 0]
[18 Abr 2014 19:54:53] Retrieving primary keys for 'time_zone_transition_type' [type = TABLE]
[18 Abr 2014 19:54:53]   Found primary key column: Time_zone_id
[18 Abr 2014 19:54:53]   Found primary key column: Transition_type_id
[18 Abr 2014 19:54:53] Retrieving columns for 'turma' [type = TABLE]
[18 Abr 2014 19:54:53]   Found column: oid [type = INT][SQL/XOPEN type = 4][size = 10][dec. digits = 0]
[18 Abr 2014 19:54:53]   Found column: designacao [type = VARCHAR][SQL/XOPEN type = 12][size = 255][dec. digits = 0]
[18 Abr 2014 19:54:53]   Found column: estatistica_oid [type = INT][SQL/XOPEN type = 4][size = 10][dec. digits = 0]
[18 Abr 2014 19:54:53]   Found column: escola_oid [type = INT][SQL/XOPEN type = 4][size = 10][dec. digits = 0]
[18 Abr 2014 19:54:53] Retrieving primary keys for 'turma' [type = TABLE]
[18 Abr 2014 19:54:53]   Found primary key column: oid
[18 Abr 2014 19:54:53] Retrieving columns for 'turma_2' [type = TABLE]
[18 Abr 2014 19:54:53]   Found column: oid [type = INT][SQL/XOPEN type = 4][size = 10][dec. digits = 0]
[18 Abr 2014 19:54:53]   Found column: designacao [type = VARCHAR][SQL/XOPEN type = 12][size = 255][dec. digits = 0]
[18 Abr 2014 19:54:53]   Found column: estatistica_2_oid [type = INT][SQL/XOPEN type = 4][size = 10][dec. digits = 0]
[18 Abr 2014 19:54:53]   Found column: escola_2_oid [type = INT][SQL/XOPEN type = 4][size = 10][dec. digits = 0]
[18 Abr 2014 19:54:53] Retrieving primary keys for 'turma_2' [type = TABLE]
[18 Abr 2014 19:54:53]   Found primary key column: oid
[18 Abr 2014 19:54:53] Retrieving columns for 'turma_exercicio' [type = TABLE]
[18 Abr 2014 19:54:53]   Found column: turma_oid [type = INT][SQL/XOPEN type = 4][size = 10][dec. digits = 0]
[18 Abr 2014 19:54:53]   Found column: exercicio_oid [type = INT][SQL/XOPEN type = 4][size = 10][dec. digits = 0]
[18 Abr 2014 19:54:53] Retrieving primary keys for 'turma_exercicio' [type = TABLE]
[18 Abr 2014 19:54:53]   Found primary key column: turma_oid
[18 Abr 2014 19:54:53]   Found primary key column: exercicio_oid
[18 Abr 2014 19:54:53] Retrieving columns for 'turma_exercicio_2' [type = TABLE]
[18 Abr 2014 19:54:53]   Found column: turma_2_oid [type = INT][SQL/XOPEN type = 4][size = 10][dec. digits = 0]
[18 Abr 2014 19:54:53]   Found column: exercicio_2_oid [type = INT][SQL/XOPEN type = 4][size = 10][dec. digits = 0]
[18 Abr 2014 19:54:53] Retrieving primary keys for 'turma_exercicio_2' [type = TABLE]
[18 Abr 2014 19:54:53]   Found primary key column: turma_2_oid
[18 Abr 2014 19:54:53]   Found primary key column: exercicio_2_oid
[18 Abr 2014 19:54:53] Retrieving columns for 'turma_professor' [type = TABLE]
[18 Abr 2014 19:54:53]   Found column: turma_oid [type = INT][SQL/XOPEN type = 4][size = 10][dec. digits = 0]
[18 Abr 2014 19:54:53]   Found column: professor_oid [type = INT][SQL/XOPEN type = 4][size = 10][dec. digits = 0]
[18 Abr 2014 19:54:53] Retrieving primary keys for 'turma_professor' [type = TABLE]
[18 Abr 2014 19:54:53]   Found primary key column: turma_oid
[18 Abr 2014 19:54:53]   Found primary key column: professor_oid
[18 Abr 2014 19:54:53] Retrieving columns for 'turma_professor_2' [type = TABLE]
[18 Abr 2014 19:54:53]   Found column: turma_2_oid [type = INT][SQL/XOPEN type = 4][size = 10][dec. digits = 0]
[18 Abr 2014 19:54:53]   Found column: professor_2_oid [type = INT][SQL/XOPEN type = 4][size = 10][dec. digits = 0]
[18 Abr 2014 19:54:53] Retrieving primary keys for 'turma_professor_2' [type = TABLE]
[18 Abr 2014 19:54:53]   Found primary key column: turma_2_oid
[18 Abr 2014 19:54:53]   Found primary key column: professor_2_oid
[18 Abr 2014 19:54:53] Retrieving columns for 'user' [type = TABLE]
[18 Abr 2014 19:54:53]   Found column: Host [type = CHAR][SQL/XOPEN type = 1][size = 60][dec. digits = 0]
[18 Abr 2014 19:54:53]   Found column: User [type = CHAR][SQL/XOPEN type = 1][size = 16][dec. digits = 0]
[18 Abr 2014 19:54:53]   Found column: Password [type = CHAR][SQL/XOPEN type = 1][size = 41][dec. digits = 0]
[18 Abr 2014 19:54:53]   Found column: Select_priv [type = ENUM][SQL/XOPEN type = 1][size = 2][dec. digits = 0]
[18 Abr 2014 19:54:53]   Found column: Insert_priv [type = ENUM][SQL/XOPEN type = 1][size = 2][dec. digits = 0]
[18 Abr 2014 19:54:53]   Found column: Update_priv [type = ENUM][SQL/XOPEN type = 1][size = 2][dec. digits = 0]
[18 Abr 2014 19:54:53]   Found column: Delete_priv [type = ENUM][SQL/XOPEN type = 1][size = 2][dec. digits = 0]
[18 Abr 2014 19:54:53]   Found column: Create_priv [type = ENUM][SQL/XOPEN type = 1][size = 2][dec. digits = 0]
[18 Abr 2014 19:54:53]   Found column: Drop_priv [type = ENUM][SQL/XOPEN type = 1][size = 2][dec. digits = 0]
[18 Abr 2014 19:54:53]   Found column: Reload_priv [type = ENUM][SQL/XOPEN type = 1][size = 2][dec. digits = 0]
[18 Abr 2014 19:54:53]   Found column: Shutdown_priv [type = ENUM][SQL/XOPEN type = 1][size = 2][dec. digits = 0]
[18 Abr 2014 19:54:53]   Found column: Process_priv [type = ENUM][SQL/XOPEN type = 1][size = 2][dec. digits = 0]
[18 Abr 2014 19:54:53]   Found column: File_priv [type = ENUM][SQL/XOPEN type = 1][size = 2][dec. digits = 0]
[18 Abr 2014 19:54:53]   Found column: Grant_priv [type = ENUM][SQL/XOPEN type = 1][size = 2][dec. digits = 0]
[18 Abr 2014 19:54:53]   Found column: References_priv [type = ENUM][SQL/XOPEN type = 1][size = 2][dec. digits = 0]
[18 Abr 2014 19:54:53]   Found column: Index_priv [type = ENUM][SQL/XOPEN type = 1][size = 2][dec. digits = 0]
[18 Abr 2014 19:54:53]   Found column: Alter_priv [type = ENUM][SQL/XOPEN type = 1][size = 2][dec. digits = 0]
[18 Abr 2014 19:54:53]   Found column: Show_db_priv [type = ENUM][SQL/XOPEN type = 1][size = 2][dec. digits = 0]
[18 Abr 2014 19:54:53]   Found column: Super_priv [type = ENUM][SQL/XOPEN type = 1][size = 2][dec. digits = 0]
[18 Abr 2014 19:54:53]   Found column: Create_tmp_table_priv [type = ENUM][SQL/XOPEN type = 1][size = 2][dec. digits = 0]
[18 Abr 2014 19:54:53]   Found column: Lock_tables_priv [type = ENUM][SQL/XOPEN type = 1][size = 2][dec. digits = 0]
[18 Abr 2014 19:54:53]   Found column: Execute_priv [type = ENUM][SQL/XOPEN type = 1][size = 2][dec. digits = 0]
[18 Abr 2014 19:54:53]   Found column: Repl_slave_priv [type = ENUM][SQL/XOPEN type = 1][size = 2][dec. digits = 0]
[18 Abr 2014 19:54:53]   Found column: Repl_client_priv [type = ENUM][SQL/XOPEN type = 1][size = 2][dec. digits = 0]
[18 Abr 2014 19:54:53]   Found column: Create_view_priv [type = ENUM][SQL/XOPEN type = 1][size = 2][dec. digits = 0]
[18 Abr 2014 19:54:53]   Found column: Show_view_priv [type = ENUM][SQL/XOPEN type = 1][size = 2][dec. digits = 0]
[18 Abr 2014 19:54:53]   Found column: Create_routine_priv [type = ENUM][SQL/XOPEN type = 1][size = 2][dec. digits = 0]
[18 Abr 2014 19:54:53]   Found column: Alter_routine_priv [type = ENUM][SQL/XOPEN type = 1][size = 2][dec. digits = 0]
[18 Abr 2014 19:54:53]   Found column: Create_user_priv [type = ENUM][SQL/XOPEN type = 1][size = 2][dec. digits = 0]
[18 Abr 2014 19:54:53]   Found column: Event_priv [type = ENUM][SQL/XOPEN type = 1][size = 2][dec. digits = 0]
[18 Abr 2014 19:54:53]   Found column: Trigger_priv [type = ENUM][SQL/XOPEN type = 1][size = 2][dec. digits = 0]
[18 Abr 2014 19:54:53]   Found column: Create_tablespace_priv [type = ENUM][SQL/XOPEN type = 1][size = 2][dec. digits = 0]
[18 Abr 2014 19:54:53]   Found column: ssl_type [type = ENUM][SQL/XOPEN type = 1][size = 9][dec. digits = 0]
[18 Abr 2014 19:54:53]   Found column: ssl_cipher [type = BLOB][SQL/XOPEN type = -4][size = 65535][dec. digits = 0]
[18 Abr 2014 19:54:53]   Found column: x509_issuer [type = BLOB][SQL/XOPEN type = -4][size = 65535][dec. digits = 0]
[18 Abr 2014 19:54:53]   Found column: x509_subject [type = BLOB][SQL/XOPEN type = -4][size = 65535][dec. digits = 0]
[18 Abr 2014 19:54:53]   Found column: max_questions [type = INT UNSIGNED][SQL/XOPEN type = 4][size = 10][dec. digits = 0]
[18 Abr 2014 19:54:53]   Found column: max_updates [type = INT UNSIGNED][SQL/XOPEN type = 4][size = 10][dec. digits = 0]
[18 Abr 2014 19:54:53]   Found column: max_connections [type = INT UNSIGNED][SQL/XOPEN type = 4][size = 10][dec. digits = 0]
[18 Abr 2014 19:54:53]   Found column: max_user_connections [type = INT UNSIGNED][SQL/XOPEN type = 4][size = 10][dec. digits = 0]
[18 Abr 2014 19:54:53]   Found column: plugin [type = CHAR][SQL/XOPEN type = 1][size = 60][dec. digits = 0]
[18 Abr 2014 19:54:53]   Found column: authentication_string [type = TEXT][SQL/XOPEN type = -1][size = 65535][dec. digits = 0]
[18 Abr 2014 19:54:53] Retrieving primary keys for 'user' [type = TABLE]
[18 Abr 2014 19:54:53]   Found primary key column: Host
[18 Abr 2014 19:54:53]   Found primary key column: User
[18 Abr 2014 19:54:53] Retrieving columns for 'user_2' [type = TABLE]
[18 Abr 2014 19:54:53]   Found column: oid [type = INT][SQL/XOPEN type = 4][size = 10][dec. digits = 0]
[18 Abr 2014 19:54:53]   Found column: username [type = VARCHAR][SQL/XOPEN type = 12][size = 255][dec. digits = 0]
[18 Abr 2014 19:54:53]   Found column: password [type = VARCHAR][SQL/XOPEN type = 12][size = 255][dec. digits = 0]
[18 Abr 2014 19:54:53]   Found column: email [type = VARCHAR][SQL/XOPEN type = 12][size = 255][dec. digits = 0]
[18 Abr 2014 19:54:53]   Found column: group_oid [type = INT][SQL/XOPEN type = 4][size = 10][dec. digits = 0]
[18 Abr 2014 19:54:53] Retrieving primary keys for 'user_2' [type = TABLE]
[18 Abr 2014 19:54:53]   Found primary key column: oid
[18 Abr 2014 19:54:53] Retrieving columns for 'user_3' [type = TABLE]
[18 Abr 2014 19:54:53]   Found column: oid [type = INT][SQL/XOPEN type = 4][size = 10][dec. digits = 0]
[18 Abr 2014 19:54:53]   Found column: username [type = VARCHAR][SQL/XOPEN type = 12][size = 255][dec. digits = 0]
[18 Abr 2014 19:54:53]   Found column: password [type = VARCHAR][SQL/XOPEN type = 12][size = 255][dec. digits = 0]
[18 Abr 2014 19:54:53]   Found column: email [type = VARCHAR][SQL/XOPEN type = 12][size = 255][dec. digits = 0]
[18 Abr 2014 19:54:53]   Found column: bi [type = VARCHAR][SQL/XOPEN type = 12][size = 255][dec. digits = 0]
[18 Abr 2014 19:54:53]   Found column: codigopostal [type = VARCHAR][SQL/XOPEN type = 12][size = 255][dec. digits = 0]
[18 Abr 2014 19:54:53]   Found column: localidade [type = VARCHAR][SQL/XOPEN type = 12][size = 255][dec. digits = 0]
[18 Abr 2014 19:54:53]   Found column: group_2_oid [type = INT][SQL/XOPEN type = 4][size = 10][dec. digits = 0]
[18 Abr 2014 19:54:53] Retrieving primary keys for 'user_3' [type = TABLE]
[18 Abr 2014 19:54:53]   Found primary key column: oid
[18 Abr 2014 19:54:53] Retrieving columns for 'user_4' [type = TABLE]
[18 Abr 2014 19:54:53]   Found column: oid [type = INT][SQL/XOPEN type = 4][size = 10][dec. digits = 0]
[18 Abr 2014 19:54:53]   Found column: username [type = VARCHAR][SQL/XOPEN type = 12][size = 255][dec. digits = 0]
[18 Abr 2014 19:54:53]   Found column: password [type = VARCHAR][SQL/XOPEN type = 12][size = 255][dec. digits = 0]
[18 Abr 2014 19:54:53]   Found column: email [type = VARCHAR][SQL/XOPEN type = 12][size = 255][dec. digits = 0]
[18 Abr 2014 19:54:53]   Found column: bi [type = VARCHAR][SQL/XOPEN type = 12][size = 255][dec. digits = 0]
[18 Abr 2014 19:54:53]   Found column: codigopostal [type = VARCHAR][SQL/XOPEN type = 12][size = 255][dec. digits = 0]
[18 Abr 2014 19:54:53]   Found column: localidade [type = VARCHAR][SQL/XOPEN type = 12][size = 255][dec. digits = 0]
[18 Abr 2014 19:54:53]   Found column: group_3_oid [type = INT][SQL/XOPEN type = 4][size = 10][dec. digits = 0]
[18 Abr 2014 19:54:53] Retrieving primary keys for 'user_4' [type = TABLE]
[18 Abr 2014 19:54:53]   Found primary key column: oid
[18 Abr 2014 19:54:53] Retrieving columns for 'user_group' [type = TABLE]
[18 Abr 2014 19:54:53]   Found column: user_2_oid [type = INT][SQL/XOPEN type = 4][size = 10][dec. digits = 0]
[18 Abr 2014 19:54:53]   Found column: group_oid [type = INT][SQL/XOPEN type = 4][size = 10][dec. digits = 0]
[18 Abr 2014 19:54:53] Retrieving primary keys for 'user_group' [type = TABLE]
[18 Abr 2014 19:54:53]   Found primary key column: user_2_oid
[18 Abr 2014 19:54:53]   Found primary key column: group_oid
[18 Abr 2014 19:54:53] Retrieving columns for 'user_group_2' [type = TABLE]
[18 Abr 2014 19:54:53]   Found column: user_3_oid [type = INT][SQL/XOPEN type = 4][size = 10][dec. digits = 0]
[18 Abr 2014 19:54:53]   Found column: group_2_oid [type = INT][SQL/XOPEN type = 4][size = 10][dec. digits = 0]
[18 Abr 2014 19:54:53] Retrieving primary keys for 'user_group_2' [type = TABLE]
[18 Abr 2014 19:54:53]   Found primary key column: user_3_oid
[18 Abr 2014 19:54:53]   Found primary key column: group_2_oid
[18 Abr 2014 19:54:53] Retrieving columns for 'user_group_3' [type = TABLE]
[18 Abr 2014 19:54:53]   Found column: user_4_oid [type = INT][SQL/XOPEN type = 4][size = 10][dec. digits = 0]
[18 Abr 2014 19:54:53]   Found column: group_3_oid [type = INT][SQL/XOPEN type = 4][size = 10][dec. digits = 0]
[18 Abr 2014 19:54:53] Retrieving primary keys for 'user_group_3' [type = TABLE]
[18 Abr 2014 19:54:53]   Found primary key column: user_4_oid
[18 Abr 2014 19:54:53]   Found primary key column: group_3_oid
[18 Abr 2014 19:54:53] Retrieving columns for 'user_livros' [type = TABLE]
[18 Abr 2014 19:54:53]   Found column: user_2_oid [type = INT][SQL/XOPEN type = 4][size = 10][dec. digits = 0]
[18 Abr 2014 19:54:53]   Found column: livros_oid [type = INT][SQL/XOPEN type = 4][size = 10][dec. digits = 0]
[18 Abr 2014 19:54:53] Retrieving primary keys for 'user_livros' [type = TABLE]
[18 Abr 2014 19:54:53]   Found primary key column: user_2_oid
[18 Abr 2014 19:54:53]   Found primary key column: livros_oid
[18 Abr 2014 19:54:53] Retrieving auto-increment columns for 'aluno' [type = TABLE]
[18 Abr 2014 19:54:53] Retrieving auto-increment columns for 'aluno_2' [type = TABLE]
[18 Abr 2014 19:54:53] Retrieving auto-increment columns for 'aluno_exercicio' [type = TABLE]
[18 Abr 2014 19:54:53] Retrieving auto-increment columns for 'aluno_exercicio_2' [type = TABLE]
[18 Abr 2014 19:54:53] Retrieving auto-increment columns for 'columns_priv' [type = TABLE]
[18 Abr 2014 19:54:53] Retrieving auto-increment columns for 'db' [type = TABLE]
[18 Abr 2014 19:54:53] Retrieving auto-increment columns for 'direcao' [type = TABLE]
[18 Abr 2014 19:54:53] Retrieving auto-increment columns for 'direcao_2' [type = TABLE]
[18 Abr 2014 19:54:53] Retrieving auto-increment columns for 'disciplina' [type = TABLE]
[18 Abr 2014 19:54:53] Retrieving auto-increment columns for 'disciplina_2' [type = TABLE]
[18 Abr 2014 19:54:53] Retrieving auto-increment columns for 'encarregado' [type = TABLE]
[18 Abr 2014 19:54:53] Retrieving auto-increment columns for 'encarregado_2' [type = TABLE]
[18 Abr 2014 19:54:53] Retrieving auto-increment columns for 'escola' [type = TABLE]
[18 Abr 2014 19:54:54] Retrieving auto-increment columns for 'escola_2' [type = TABLE]
[18 Abr 2014 19:54:54] Retrieving auto-increment columns for 'estatistica' [type = TABLE]
[18 Abr 2014 19:54:54] Retrieving auto-increment columns for 'estatistica_2' [type = TABLE]
[18 Abr 2014 19:54:54] Retrieving auto-increment columns for 'event' [type = TABLE]
[18 Abr 2014 19:54:54] Retrieving auto-increment columns for 'exercicio' [type = TABLE]
[18 Abr 2014 19:54:54] Retrieving auto-increment columns for 'exercicio_2' [type = TABLE]
[18 Abr 2014 19:54:54] Retrieving auto-increment columns for 'exercicio_individual' [type = TABLE]
[18 Abr 2014 19:54:54] Retrieving auto-increment columns for 'exercicio_individual_2' [type = TABLE]
[18 Abr 2014 19:54:54] Retrieving auto-increment columns for 'ficha_colectiva' [type = TABLE]
[18 Abr 2014 19:54:54] Retrieving auto-increment columns for 'ficha_colectiva_2' [type = TABLE]
[18 Abr 2014 19:54:54] Retrieving auto-increment columns for 'func' [type = TABLE]
[18 Abr 2014 19:54:54] Retrieving auto-increment columns for 'general_log' [type = TABLE]
[18 Abr 2014 19:54:54] Retrieving auto-increment columns for 'genre' [type = TABLE]
[18 Abr 2014 19:54:54] Retrieving auto-increment columns for 'group' [type = TABLE]
[18 Abr 2014 19:54:54] Retrieving auto-increment columns for 'group_2' [type = TABLE]
[18 Abr 2014 19:54:54] Retrieving auto-increment columns for 'group_3' [type = TABLE]
[18 Abr 2014 19:54:54] Retrieving auto-increment columns for 'group_module' [type = TABLE]
[18 Abr 2014 19:54:54] Retrieving auto-increment columns for 'group_module_2' [type = TABLE]
[18 Abr 2014 19:54:54] Retrieving auto-increment columns for 'group_module_3' [type = TABLE]
[18 Abr 2014 19:54:54] Retrieving auto-increment columns for 'help_category' [type = TABLE]
[18 Abr 2014 19:54:54] Retrieving auto-increment columns for 'help_keyword' [type = TABLE]
[18 Abr 2014 19:54:54] Retrieving auto-increment columns for 'help_relation' [type = TABLE]
[18 Abr 2014 19:54:54] Retrieving auto-increment columns for 'help_topic' [type = TABLE]
[18 Abr 2014 19:54:54] Retrieving auto-increment columns for 'host' [type = TABLE]
[18 Abr 2014 19:54:54] Retrieving auto-increment columns for 'livros' [type = TABLE]
[18 Abr 2014 19:54:54] Retrieving auto-increment columns for 'materia' [type = TABLE]
[18 Abr 2014 19:54:54] Retrieving auto-increment columns for 'materia_2' [type = TABLE]
[18 Abr 2014 19:54:54] Retrieving auto-increment columns for 'module' [type = TABLE]
[18 Abr 2014 19:54:54] Retrieving auto-increment columns for 'module_2' [type = TABLE]
[18 Abr 2014 19:54:54] Retrieving auto-increment columns for 'module_3' [type = TABLE]
[18 Abr 2014 19:54:54] Retrieving auto-increment columns for 'ndb_binlog_index' [type = TABLE]
[18 Abr 2014 19:54:54] Retrieving auto-increment columns for 'nota' [type = TABLE]
[18 Abr 2014 19:54:54] Retrieving auto-increment columns for 'nota_2' [type = TABLE]
[18 Abr 2014 19:54:54] Retrieving auto-increment columns for 'nota_estatistica' [type = TABLE]
[18 Abr 2014 19:54:54] Retrieving auto-increment columns for 'nota_estatistica_2' [type = TABLE]
[18 Abr 2014 19:54:54] Retrieving auto-increment columns for 'notificacao' [type = TABLE]
[18 Abr 2014 19:54:54] Retrieving auto-increment columns for 'notificacao_2' [type = TABLE]
[18 Abr 2014 19:54:54] Retrieving auto-increment columns for 'plugin' [type = TABLE]
[18 Abr 2014 19:54:54] Retrieving auto-increment columns for 'proc' [type = TABLE]
[18 Abr 2014 19:54:54] Retrieving auto-increment columns for 'procs_priv' [type = TABLE]
[18 Abr 2014 19:54:54] Retrieving auto-increment columns for 'professor' [type = TABLE]
[18 Abr 2014 19:54:54] Retrieving auto-increment columns for 'professor_2' [type = TABLE]
[18 Abr 2014 19:54:54] Retrieving auto-increment columns for 'proxies_priv' [type = TABLE]
[18 Abr 2014 19:54:54] Retrieving auto-increment columns for 'servers' [type = TABLE]
[18 Abr 2014 19:54:54] Retrieving auto-increment columns for 'slow_log' [type = TABLE]
[18 Abr 2014 19:54:54] Retrieving auto-increment columns for 'tables_priv' [type = TABLE]
[18 Abr 2014 19:54:54] Retrieving auto-increment columns for 'time_zone' [type = TABLE]
[18 Abr 2014 19:54:54]   Found auto-increment column: Time_zone_id
[18 Abr 2014 19:54:54] Retrieving auto-increment columns for 'time_zone_leap_second' [type = TABLE]
[18 Abr 2014 19:54:54] Retrieving auto-increment columns for 'time_zone_name' [type = TABLE]
[18 Abr 2014 19:54:54] Retrieving auto-increment columns for 'time_zone_transition' [type = TABLE]
[18 Abr 2014 19:54:54] Retrieving auto-increment columns for 'time_zone_transition_type' [type = TABLE]
[18 Abr 2014 19:54:54] Retrieving auto-increment columns for 'turma' [type = TABLE]
[18 Abr 2014 19:54:54] Retrieving auto-increment columns for 'turma_2' [type = TABLE]
[18 Abr 2014 19:54:54] Retrieving auto-increment columns for 'turma_exercicio' [type = TABLE]
[18 Abr 2014 19:54:54] Retrieving auto-increment columns for 'turma_exercicio_2' [type = TABLE]
[18 Abr 2014 19:54:54] Retrieving auto-increment columns for 'turma_professor' [type = TABLE]
[18 Abr 2014 19:54:54] Retrieving auto-increment columns for 'turma_professor_2' [type = TABLE]
[18 Abr 2014 19:54:54] Retrieving auto-increment columns for 'user' [type = TABLE]
[18 Abr 2014 19:54:54] Retrieving auto-increment columns for 'user_2' [type = TABLE]
[18 Abr 2014 19:54:54] Retrieving auto-increment columns for 'user_3' [type = TABLE]
[18 Abr 2014 19:54:54] Retrieving auto-increment columns for 'user_4' [type = TABLE]
[18 Abr 2014 19:54:54] Retrieving auto-increment columns for 'user_group' [type = TABLE]
[18 Abr 2014 19:54:54] Retrieving auto-increment columns for 'user_group_2' [type = TABLE]
[18 Abr 2014 19:54:54] Retrieving auto-increment columns for 'user_group_3' [type = TABLE]
[18 Abr 2014 19:54:54] Retrieving auto-increment columns for 'user_livros' [type = TABLE]
[18 Abr 2014 19:54:54] Database connection closed
